<?xml version="1.0" encoding="UTF-8"?>
<testng-results ignored="0" total="1" passed="1" failed="0" skipped="0">
  <reporter-output>
    <line>
      <![CDATA[running verify user id]]>
    </line>
    <line>
      <![CDATA[logout the application]]>
    </line>
    <line>
      <![CDATA[close the app]]>
    </line>
  </reporter-output>
  <suite started-at="2022-09-07T22:19:10 PDT" name="Default suite" finished-at="2022-09-07T22:19:29 PDT" duration-ms="19659">
    <groups>
    </groups>
    <test started-at="2022-09-07T22:19:10 PDT" name="Default test" finished-at="2022-09-07T22:19:29 PDT" duration-ms="19659">
      <class name="test.TestZ">
        <test-method is-config="true" signature="openBrowser()[pri:0, instance:test.TestZ@1e0b4072]" started-at="2022-09-07T22:19:10 PDT" name="openBrowser" finished-at="2022-09-07T22:19:22 PDT" duration-ms="12666" status="PASS">
          <reporter-output>
          </reporter-output>
        </test-method> <!-- openBrowser -->
        <test-method is-config="true" signature="loginToApp()[pri:0, instance:test.TestZ@1e0b4072]" started-at="2022-09-07T22:19:22 PDT" name="loginToApp" finished-at="2022-09-07T22:19:25 PDT" duration-ms="2868" status="PASS">
          <reporter-output>
          </reporter-output>
        </test-method> <!-- loginToApp -->
        <test-method signature="verifyuserID()[pri:0, instance:test.TestZ@1e0b4072]" started-at="2022-09-07T22:19:25 PDT" name="verifyuserID" finished-at="2022-09-07T22:19:29 PDT" duration-ms="4052" status="PASS">
          <reporter-output>
            <line>
              <![CDATA[running verify user id]]>
            </line>
          </reporter-output>
        </test-method> <!-- verifyuserID -->
        <test-method is-config="true" signature="logoutApp()[pri:0, instance:test.TestZ@1e0b4072]" started-at="2022-09-07T22:19:29 PDT" name="logoutApp" finished-at="2022-09-07T22:19:29 PDT" duration-ms="2" status="PASS">
          <reporter-output>
            <line>
              <![CDATA[logout the application]]>
            </line>
          </reporter-output>
        </test-method> <!-- logoutApp -->
        <test-method is-config="true" signature="closeBrowser()[pri:0, instance:test.TestZ@1e0b4072]" started-at="2022-09-07T22:19:29 PDT" name="closeBrowser" finished-at="2022-09-07T22:19:29 PDT" duration-ms="1" status="PASS">
          <reporter-output>
            <line>
              <![CDATA[close the app]]>
            </line>
          </reporter-output>
        </test-method> <!-- closeBrowser -->
      </class> <!-- test.TestZ -->
    </test> <!-- Default test -->
  </suite> <!-- Default suite -->
</testng-results>
